{"/Users/josh/code/roots-cms/lib/index.js":{"path":"/Users/josh/code/roots-cms/lib/index.js","s":{"1":1,"2":1,"3":1,"4":1,"5":1,"6":1,"7":1,"8":1,"9":1,"10":1,"11":1,"12":3,"13":3,"14":1,"15":2,"16":1,"17":1,"18":1,"19":1,"20":1,"21":0,"22":1,"23":1,"24":1,"25":1,"26":1,"27":0,"28":0,"29":1,"30":1,"31":0,"32":1,"33":1},"b":{"1":[1,2],"2":[1,1],"3":[0,0]},"f":{"1":1,"2":1,"3":3,"4":1,"5":0,"6":1,"7":0,"8":0,"9":0},"fnMap":{"1":{"name":"(anonymous_1)","line":2,"loc":{"start":{"line":2,"column":1},"end":{"line":2,"column":12}}},"2":{"name":"(anonymous_2)","line":17,"loc":{"start":{"line":17,"column":14},"end":{"line":17,"column":25}}},"3":{"name":"RootsCMS","line":20,"loc":{"start":{"line":20,"column":4},"end":{"line":20,"column":31}}},"4":{"name":"(anonymous_4)","line":30,"loc":{"start":{"line":30,"column":31},"end":{"line":30,"column":42}}},"5":{"name":"(anonymous_5)","line":33,"loc":{"start":{"line":33,"column":47},"end":{"line":33,"column":58}}},"6":{"name":"(anonymous_6)","line":42,"loc":{"start":{"line":42,"column":21},"end":{"line":42,"column":32}}},"7":{"name":"(anonymous_7)","line":45,"loc":{"start":{"line":45,"column":35},"end":{"line":45,"column":46}}},"8":{"name":"(anonymous_8)","line":47,"loc":{"start":{"line":47,"column":20},"end":{"line":47,"column":31}}},"9":{"name":"(anonymous_9)","line":53,"loc":{"start":{"line":53,"column":19},"end":{"line":53,"column":30}}}},"statementMap":{"1":{"start":{"line":2,"column":0},"end":{"line":63,"column":14}},"2":{"start":{"line":3,"column":2},"end":{"line":3,"column":51}},"3":{"start":{"line":5,"column":2},"end":{"line":5,"column":25}},"4":{"start":{"line":7,"column":2},"end":{"line":7,"column":21}},"5":{"start":{"line":9,"column":2},"end":{"line":9,"column":22}},"6":{"start":{"line":11,"column":2},"end":{"line":11,"column":27}},"7":{"start":{"line":13,"column":2},"end":{"line":13,"column":53}},"8":{"start":{"line":15,"column":2},"end":{"line":15,"column":31}},"9":{"start":{"line":17,"column":2},"end":{"line":59,"column":7}},"10":{"start":{"line":18,"column":4},"end":{"line":18,"column":37}},"11":{"start":{"line":20,"column":4},"end":{"line":28,"column":5}},"12":{"start":{"line":21,"column":6},"end":{"line":21,"column":29}},"13":{"start":{"line":22,"column":6},"end":{"line":24,"column":7}},"14":{"start":{"line":23,"column":8},"end":{"line":23,"column":49}},"15":{"start":{"line":25,"column":6},"end":{"line":27,"column":7}},"16":{"start":{"line":26,"column":8},"end":{"line":26,"column":63}},"17":{"start":{"line":30,"column":4},"end":{"line":37,"column":6}},"18":{"start":{"line":31,"column":6},"end":{"line":31,"column":14}},"19":{"start":{"line":32,"column":6},"end":{"line":32,"column":22}},"20":{"start":{"line":33,"column":6},"end":{"line":35,"column":9}},"21":{"start":{"line":34,"column":8},"end":{"line":34,"column":29}},"22":{"start":{"line":36,"column":6},"end":{"line":36,"column":25}},"23":{"start":{"line":42,"column":4},"end":{"line":51,"column":6}},"24":{"start":{"line":43,"column":6},"end":{"line":43,"column":14}},"25":{"start":{"line":44,"column":6},"end":{"line":44,"column":22}},"26":{"start":{"line":45,"column":6},"end":{"line":49,"column":9}},"27":{"start":{"line":46,"column":8},"end":{"line":46,"column":28}},"28":{"start":{"line":48,"column":8},"end":{"line":48,"column":29}},"29":{"start":{"line":50,"column":6},"end":{"line":50,"column":25}},"30":{"start":{"line":53,"column":4},"end":{"line":55,"column":6}},"31":{"start":{"line":54,"column":6},"end":{"line":54,"column":53}},"32":{"start":{"line":57,"column":4},"end":{"line":57,"column":20}},"33":{"start":{"line":61,"column":2},"end":{"line":61,"column":28}}},"branchMap":{"1":{"line":22,"type":"if","locations":[{"start":{"line":22,"column":6},"end":{"line":22,"column":6}},{"start":{"line":22,"column":6},"end":{"line":22,"column":6}}]},"2":{"line":25,"type":"if","locations":[{"start":{"line":25,"column":6},"end":{"line":25,"column":6}},{"start":{"line":25,"column":6},"end":{"line":25,"column":6}}]},"3":{"line":54,"type":"binary-expr","locations":[{"start":{"line":54,"column":27},"end":{"line":54,"column":43}},{"start":{"line":54,"column":47},"end":{"line":54,"column":51}}]}}},"/Users/josh/code/roots-cms/lib/server/index.js":{"path":"/Users/josh/code/roots-cms/lib/server/index.js","s":{"1":1,"2":1,"3":1,"4":1,"5":1,"6":1,"7":1,"8":1,"9":0,"10":1,"11":1,"12":1,"13":1,"14":1,"15":1,"16":0},"b":{"1":[0,1]},"f":{"1":1,"2":0},"fnMap":{"1":{"name":"(anonymous_1)","line":2,"loc":{"start":{"line":2,"column":1},"end":{"line":2,"column":12}}},"2":{"name":"(anonymous_2)","line":29,"loc":{"start":{"line":29,"column":18},"end":{"line":29,"column":37}}}},"statementMap":{"1":{"start":{"line":2,"column":0},"end":{"line":33,"column":14}},"2":{"start":{"line":3,"column":2},"end":{"line":3,"column":41}},"3":{"start":{"line":5,"column":2},"end":{"line":5,"column":31}},"4":{"start":{"line":7,"column":2},"end":{"line":7,"column":25}},"5":{"start":{"line":9,"column":2},"end":{"line":9,"column":32}},"6":{"start":{"line":11,"column":2},"end":{"line":11,"column":25}},"7":{"start":{"line":13,"column":2},"end":{"line":13,"column":38}},"8":{"start":{"line":15,"column":2},"end":{"line":17,"column":3}},"9":{"start":{"line":16,"column":4},"end":{"line":16,"column":90}},"10":{"start":{"line":19,"column":2},"end":{"line":19,"column":36}},"11":{"start":{"line":21,"column":2},"end":{"line":21,"column":35}},"12":{"start":{"line":23,"column":2},"end":{"line":23,"column":18}},"13":{"start":{"line":25,"column":2},"end":{"line":25,"column":80}},"14":{"start":{"line":27,"column":2},"end":{"line":27,"column":73}},"15":{"start":{"line":29,"column":2},"end":{"line":31,"column":5}},"16":{"start":{"line":30,"column":4},"end":{"line":30,"column":86}}},"branchMap":{"1":{"line":15,"type":"if","locations":[{"start":{"line":15,"column":2},"end":{"line":15,"column":2}},{"start":{"line":15,"column":2},"end":{"line":15,"column":2}}]}}},"/Users/josh/code/roots-cms/lib/config.js":{"path":"/Users/josh/code/roots-cms/lib/config.js","s":{"1":1,"2":1,"3":1,"4":1,"5":1,"6":1,"7":1,"8":1,"9":1,"10":1,"11":1,"12":0,"13":0,"14":0,"15":0,"16":0,"17":1,"18":1,"19":1},"b":{"1":[1,1],"2":[0,1]},"f":{"1":1},"fnMap":{"1":{"name":"(anonymous_1)","line":2,"loc":{"start":{"line":2,"column":1},"end":{"line":2,"column":12}}}},"statementMap":{"1":{"start":{"line":2,"column":0},"end":{"line":46,"column":14}},"2":{"start":{"line":3,"column":2},"end":{"line":3,"column":66}},"3":{"start":{"line":5,"column":2},"end":{"line":5,"column":25}},"4":{"start":{"line":7,"column":2},"end":{"line":7,"column":24}},"5":{"start":{"line":9,"column":2},"end":{"line":14,"column":3}},"6":{"start":{"line":10,"column":4},"end":{"line":10,"column":39}},"7":{"start":{"line":12,"column":4},"end":{"line":12,"column":17}},"8":{"start":{"line":13,"column":4},"end":{"line":13,"column":18}},"9":{"start":{"line":16,"column":2},"end":{"line":29,"column":4}},"10":{"start":{"line":31,"column":2},"end":{"line":42,"column":3}},"11":{"start":{"line":32,"column":4},"end":{"line":32,"column":61}},"12":{"start":{"line":33,"column":4},"end":{"line":33,"column":28}},"13":{"start":{"line":34,"column":4},"end":{"line":37,"column":5}},"14":{"start":{"line":35,"column":6},"end":{"line":35,"column":18}},"15":{"start":{"line":36,"column":6},"end":{"line":36,"column":63}},"16":{"start":{"line":38,"column":4},"end":{"line":38,"column":40}},"17":{"start":{"line":40,"column":4},"end":{"line":40,"column":17}},"18":{"start":{"line":41,"column":4},"end":{"line":41,"column":23}},"19":{"start":{"line":44,"column":2},"end":{"line":44,"column":27}}},"branchMap":{"1":{"line":17,"type":"binary-expr","locations":[{"start":{"line":17,"column":18},"end":{"line":17,"column":62}},{"start":{"line":17,"column":67},"end":{"line":17,"column":80}}]},"2":{"line":17,"type":"cond-expr","locations":[{"start":{"line":17,"column":35},"end":{"line":17,"column":53}},{"start":{"line":17,"column":56},"end":{"line":17,"column":62}}]}}},"/Users/josh/code/roots-cms/lib/server/api.js":{"path":"/Users/josh/code/roots-cms/lib/server/api.js","s":{"1":1,"2":1,"3":1,"4":1,"5":1,"6":1,"7":1,"8":1,"9":1,"10":1,"11":1,"12":0,"13":0,"14":1,"15":0,"16":1,"17":0,"18":0,"19":0,"20":0,"21":0,"22":0,"23":1,"24":0,"25":0,"26":0,"27":0,"28":0,"29":0,"30":0,"31":0,"32":1,"33":0,"34":0,"35":0},"b":{"1":[0,0]},"f":{"1":1,"2":0,"3":0,"4":0,"5":0,"6":0,"7":0,"8":0,"9":0},"fnMap":{"1":{"name":"(anonymous_1)","line":2,"loc":{"start":{"line":2,"column":1},"end":{"line":2,"column":12}}},"2":{"name":"(anonymous_2)","line":21,"loc":{"start":{"line":21,"column":29},"end":{"line":21,"column":48}}},"3":{"name":"(anonymous_3)","line":22,"loc":{"start":{"line":22,"column":80},"end":{"line":22,"column":104}}},"4":{"name":"(anonymous_4)","line":27,"loc":{"start":{"line":27,"column":32},"end":{"line":27,"column":51}}},"5":{"name":"(anonymous_5)","line":31,"loc":{"start":{"line":31,"column":32},"end":{"line":31,"column":51}}},"6":{"name":"(anonymous_6)","line":40,"loc":{"start":{"line":40,"column":26},"end":{"line":40,"column":45}}},"7":{"name":"(anonymous_7)","line":52,"loc":{"start":{"line":52,"column":32},"end":{"line":52,"column":51}}},"8":{"name":"(anonymous_8)","line":53,"loc":{"start":{"line":53,"column":44},"end":{"line":53,"column":63}}},"9":{"name":"(anonymous_9)","line":54,"loc":{"start":{"line":54,"column":48},"end":{"line":54,"column":62}}}},"statementMap":{"1":{"start":{"line":2,"column":0},"end":{"line":62,"column":14}},"2":{"start":{"line":3,"column":2},"end":{"line":3,"column":66}},"3":{"start":{"line":5,"column":2},"end":{"line":5,"column":31}},"4":{"start":{"line":7,"column":2},"end":{"line":7,"column":25}},"5":{"start":{"line":9,"column":2},"end":{"line":9,"column":21}},"6":{"start":{"line":11,"column":2},"end":{"line":11,"column":32}},"7":{"start":{"line":13,"column":2},"end":{"line":13,"column":36}},"8":{"start":{"line":15,"column":2},"end":{"line":15,"column":34}},"9":{"start":{"line":17,"column":2},"end":{"line":17,"column":36}},"10":{"start":{"line":19,"column":2},"end":{"line":19,"column":35}},"11":{"start":{"line":21,"column":2},"end":{"line":25,"column":5}},"12":{"start":{"line":22,"column":4},"end":{"line":24,"column":7}},"13":{"start":{"line":23,"column":6},"end":{"line":23,"column":37}},"14":{"start":{"line":27,"column":2},"end":{"line":29,"column":5}},"15":{"start":{"line":28,"column":4},"end":{"line":28,"column":62}},"16":{"start":{"line":31,"column":2},"end":{"line":38,"column":5}},"17":{"start":{"line":32,"column":4},"end":{"line":32,"column":16}},"18":{"start":{"line":33,"column":4},"end":{"line":33,"column":39}},"19":{"start":{"line":34,"column":4},"end":{"line":34,"column":39}},"20":{"start":{"line":35,"column":4},"end":{"line":35,"column":45}},"21":{"start":{"line":36,"column":4},"end":{"line":36,"column":19}},"22":{"start":{"line":37,"column":4},"end":{"line":37,"column":31}},"23":{"start":{"line":40,"column":2},"end":{"line":50,"column":5}},"24":{"start":{"line":41,"column":4},"end":{"line":41,"column":29}},"25":{"start":{"line":42,"column":4},"end":{"line":42,"column":21}},"26":{"start":{"line":43,"column":4},"end":{"line":43,"column":31}},"27":{"start":{"line":44,"column":4},"end":{"line":46,"column":5}},"28":{"start":{"line":45,"column":6},"end":{"line":45,"column":31}},"29":{"start":{"line":47,"column":4},"end":{"line":47,"column":30}},"30":{"start":{"line":48,"column":4},"end":{"line":48,"column":28}},"31":{"start":{"line":49,"column":4},"end":{"line":49,"column":29}},"32":{"start":{"line":52,"column":2},"end":{"line":60,"column":5}},"33":{"start":{"line":53,"column":4},"end":{"line":59,"column":7}},"34":{"start":{"line":54,"column":6},"end":{"line":58,"column":9}},"35":{"start":{"line":55,"column":8},"end":{"line":57,"column":11}}},"branchMap":{"1":{"line":44,"type":"if","locations":[{"start":{"line":44,"column":4},"end":{"line":44,"column":4}},{"start":{"line":44,"column":4},"end":{"line":44,"column":4}}]}}},"/Users/josh/code/roots-cms/lib/category/index.js":{"path":"/Users/josh/code/roots-cms/lib/category/index.js","s":{"1":1,"2":1,"3":1,"4":1,"5":1,"6":1,"7":1,"8":1,"9":0,"10":0,"11":0,"12":0,"13":0,"14":0,"15":0,"16":1},"b":{},"f":{"1":1,"2":1,"3":0,"4":0,"5":0},"fnMap":{"1":{"name":"(anonymous_1)","line":2,"loc":{"start":{"line":2,"column":1},"end":{"line":2,"column":12}}},"2":{"name":"(anonymous_2)","line":11,"loc":{"start":{"line":11,"column":31},"end":{"line":11,"column":42}}},"3":{"name":"Category","line":12,"loc":{"start":{"line":12,"column":4},"end":{"line":12,"column":24}}},"4":{"name":"(anonymous_4)","line":14,"loc":{"start":{"line":14,"column":19},"end":{"line":14,"column":33}}},"5":{"name":"(anonymous_5)","line":17,"loc":{"start":{"line":17,"column":41},"end":{"line":17,"column":59}}}},"statementMap":{"1":{"start":{"line":2,"column":0},"end":{"line":29,"column":14}},"2":{"start":{"line":3,"column":2},"end":{"line":3,"column":30}},"3":{"start":{"line":5,"column":2},"end":{"line":5,"column":22}},"4":{"start":{"line":7,"column":2},"end":{"line":7,"column":27}},"5":{"start":{"line":9,"column":2},"end":{"line":9,"column":27}},"6":{"start":{"line":11,"column":2},"end":{"line":27,"column":7}},"7":{"start":{"line":12,"column":4},"end":{"line":12,"column":26}},"8":{"start":{"line":14,"column":4},"end":{"line":23,"column":6}},"9":{"start":{"line":15,"column":6},"end":{"line":15,"column":19}},"10":{"start":{"line":16,"column":6},"end":{"line":16,"column":27}},"11":{"start":{"line":17,"column":6},"end":{"line":21,"column":9}},"12":{"start":{"line":18,"column":8},"end":{"line":18,"column":26}},"13":{"start":{"line":19,"column":8},"end":{"line":19,"column":50}},"14":{"start":{"line":20,"column":8},"end":{"line":20,"column":47}},"15":{"start":{"line":22,"column":6},"end":{"line":22,"column":30}},"16":{"start":{"line":25,"column":4},"end":{"line":25,"column":20}}},"branchMap":{}},"/Users/josh/code/roots-cms/lib/category/sort.js":{"path":"/Users/josh/code/roots-cms/lib/category/sort.js","s":{"1":1,"2":1,"3":1,"4":1,"5":1,"6":1,"7":1,"8":0,"9":0,"10":0,"11":0,"12":0,"13":0,"14":0,"15":0,"16":0,"17":0,"18":0,"19":0,"20":0,"21":0,"22":0,"23":0,"24":0,"25":0,"26":0,"27":0,"28":0,"29":0,"30":0,"31":0,"32":0,"33":0,"34":0,"35":0,"36":0,"37":0,"38":0,"39":0,"40":0},"b":{"1":[0,0],"2":[0,0]},"f":{"1":1,"2":0,"3":0,"4":0,"5":0},"fnMap":{"1":{"name":"(anonymous_1)","line":2,"loc":{"start":{"line":2,"column":1},"end":{"line":2,"column":12}}},"2":{"name":"(anonymous_2)","line":14,"loc":{"start":{"line":14,"column":17},"end":{"line":14,"column":35}}},"3":{"name":"(anonymous_3)","line":19,"loc":{"start":{"line":19,"column":24},"end":{"line":19,"column":42}}},"4":{"name":"(anonymous_4)","line":32,"loc":{"start":{"line":32,"column":14},"end":{"line":32,"column":32}}},"5":{"name":"(anonymous_5)","line":37,"loc":{"start":{"line":37,"column":16},"end":{"line":37,"column":27}}}},"statementMap":{"1":{"start":{"line":2,"column":0},"end":{"line":61,"column":14}},"2":{"start":{"line":3,"column":2},"end":{"line":3,"column":32}},"3":{"start":{"line":5,"column":2},"end":{"line":5,"column":21}},"4":{"start":{"line":7,"column":2},"end":{"line":7,"column":25}},"5":{"start":{"line":9,"column":2},"end":{"line":9,"column":32}},"6":{"start":{"line":11,"column":2},"end":{"line":11,"column":34}},"7":{"start":{"line":13,"column":2},"end":{"line":59,"column":4}},"8":{"start":{"line":15,"column":6},"end":{"line":15,"column":30}},"9":{"start":{"line":16,"column":6},"end":{"line":16,"column":49}},"10":{"start":{"line":17,"column":6},"end":{"line":17,"column":49}},"11":{"start":{"line":20,"column":6},"end":{"line":20,"column":36}},"12":{"start":{"line":21,"column":6},"end":{"line":21,"column":19}},"13":{"start":{"line":22,"column":6},"end":{"line":29,"column":7}},"14":{"start":{"line":23,"column":8},"end":{"line":23,"column":24}},"15":{"start":{"line":24,"column":8},"end":{"line":24,"column":25}},"16":{"start":{"line":25,"column":8},"end":{"line":27,"column":9}},"17":{"start":{"line":26,"column":10},"end":{"line":26,"column":28}},"18":{"start":{"line":28,"column":8},"end":{"line":28,"column":29}},"19":{"start":{"line":30,"column":6},"end":{"line":30,"column":21}},"20":{"start":{"line":33,"column":6},"end":{"line":33,"column":85}},"21":{"start":{"line":34,"column":6},"end":{"line":34,"column":22}},"22":{"start":{"line":35,"column":6},"end":{"line":56,"column":7}},"23":{"start":{"line":36,"column":8},"end":{"line":36,"column":37}},"24":{"start":{"line":37,"column":8},"end":{"line":45,"column":13}},"25":{"start":{"line":38,"column":10},"end":{"line":38,"column":33}},"26":{"start":{"line":39,"column":10},"end":{"line":39,"column":24}},"27":{"start":{"line":40,"column":10},"end":{"line":43,"column":11}},"28":{"start":{"line":41,"column":12},"end":{"line":41,"column":34}},"29":{"start":{"line":42,"column":12},"end":{"line":42,"column":39}},"30":{"start":{"line":44,"column":10},"end":{"line":44,"column":26}},"31":{"start":{"line":46,"column":8},"end":{"line":46,"column":22}},"32":{"start":{"line":47,"column":8},"end":{"line":47,"column":55}},"33":{"start":{"line":48,"column":8},"end":{"line":52,"column":9}},"34":{"start":{"line":49,"column":10},"end":{"line":49,"column":48}},"35":{"start":{"line":50,"column":10},"end":{"line":50,"column":35}},"36":{"start":{"line":51,"column":10},"end":{"line":51,"column":49}},"37":{"start":{"line":53,"column":8},"end":{"line":53,"column":28}},"38":{"start":{"line":54,"column":8},"end":{"line":54,"column":32}},"39":{"start":{"line":55,"column":8},"end":{"line":55,"column":34}},"40":{"start":{"line":57,"column":6},"end":{"line":57,"column":24}}},"branchMap":{"1":{"line":25,"type":"if","locations":[{"start":{"line":25,"column":8},"end":{"line":25,"column":8}},{"start":{"line":25,"column":8},"end":{"line":25,"column":8}}]},"2":{"line":48,"type":"if","locations":[{"start":{"line":48,"column":8},"end":{"line":48,"column":8}},{"start":{"line":48,"column":8},"end":{"line":48,"column":8}}]}}},"/Users/josh/code/roots-cms/lib/content/index.js":{"path":"/Users/josh/code/roots-cms/lib/content/index.js","s":{"1":1,"2":1,"3":1,"4":1,"5":1,"6":1,"7":1,"8":1,"9":1,"10":0,"11":0,"12":0,"13":0,"14":0,"15":0,"16":0,"17":0,"18":0,"19":0,"20":0,"21":0,"22":0,"23":0,"24":1,"25":0,"26":1,"27":0,"28":1,"29":0,"30":0,"31":1,"32":0,"33":1,"34":0,"35":0,"36":0,"37":0,"38":0,"39":0,"40":0,"41":1,"42":0,"43":0,"44":0,"45":0,"46":0,"47":1,"48":0,"49":0,"50":0,"51":0,"52":0,"53":0,"54":0,"55":0,"56":0,"57":1,"58":0,"59":1},"b":{"1":[0,0],"2":[0,0],"3":[0,0],"4":[0,0]},"f":{"1":1,"2":1,"3":0,"4":0,"5":0,"6":0,"7":0,"8":0,"9":0,"10":0,"11":0},"fnMap":{"1":{"name":"(anonymous_1)","line":2,"loc":{"start":{"line":2,"column":1},"end":{"line":2,"column":12}}},"2":{"name":"(anonymous_2)","line":15,"loc":{"start":{"line":15,"column":30},"end":{"line":15,"column":41}}},"3":{"name":"Content","line":16,"loc":{"start":{"line":16,"column":4},"end":{"line":16,"column":32}}},"4":{"name":"(anonymous_4)","line":35,"loc":{"start":{"line":35,"column":28},"end":{"line":35,"column":42}}},"5":{"name":"(anonymous_5)","line":39,"loc":{"start":{"line":39,"column":28},"end":{"line":39,"column":48}}},"6":{"name":"(anonymous_6)","line":43,"loc":{"start":{"line":43,"column":29},"end":{"line":43,"column":40}}},"7":{"name":"(anonymous_7)","line":48,"loc":{"start":{"line":48,"column":31},"end":{"line":48,"column":49}}},"8":{"name":"(anonymous_8)","line":52,"loc":{"start":{"line":52,"column":30},"end":{"line":52,"column":41}}},"9":{"name":"(anonymous_9)","line":63,"loc":{"start":{"line":63,"column":39},"end":{"line":63,"column":50}}},"10":{"name":"(anonymous_10)","line":71,"loc":{"start":{"line":71,"column":43},"end":{"line":71,"column":54}}},"11":{"name":"(anonymous_11)","line":85,"loc":{"start":{"line":85,"column":32},"end":{"line":85,"column":43}}}},"statementMap":{"1":{"start":{"line":2,"column":0},"end":{"line":93,"column":14}},"2":{"start":{"line":3,"column":2},"end":{"line":3,"column":46}},"3":{"start":{"line":5,"column":2},"end":{"line":5,"column":21}},"4":{"start":{"line":7,"column":2},"end":{"line":7,"column":25}},"5":{"start":{"line":9,"column":2},"end":{"line":9,"column":31}},"6":{"start":{"line":11,"column":2},"end":{"line":11,"column":32}},"7":{"start":{"line":13,"column":2},"end":{"line":13,"column":32}},"8":{"start":{"line":15,"column":2},"end":{"line":91,"column":7}},"9":{"start":{"line":16,"column":4},"end":{"line":33,"column":5}},"10":{"start":{"line":17,"column":6},"end":{"line":17,"column":34}},"11":{"start":{"line":18,"column":6},"end":{"line":20,"column":7}},"12":{"start":{"line":19,"column":8},"end":{"line":19,"column":38}},"13":{"start":{"line":21,"column":6},"end":{"line":21,"column":33}},"14":{"start":{"line":22,"column":6},"end":{"line":22,"column":89}},"15":{"start":{"line":23,"column":6},"end":{"line":27,"column":7}},"16":{"start":{"line":24,"column":8},"end":{"line":24,"column":72}},"17":{"start":{"line":25,"column":8},"end":{"line":25,"column":58}},"18":{"start":{"line":26,"column":8},"end":{"line":26,"column":62}},"19":{"start":{"line":28,"column":6},"end":{"line":28,"column":55}},"20":{"start":{"line":29,"column":6},"end":{"line":29,"column":21}},"21":{"start":{"line":30,"column":6},"end":{"line":30,"column":51}},"22":{"start":{"line":31,"column":6},"end":{"line":31,"column":62}},"23":{"start":{"line":32,"column":6},"end":{"line":32,"column":19}},"24":{"start":{"line":35,"column":4},"end":{"line":37,"column":6}},"25":{"start":{"line":36,"column":6},"end":{"line":36,"column":28}},"26":{"start":{"line":39,"column":4},"end":{"line":41,"column":6}},"27":{"start":{"line":40,"column":6},"end":{"line":40,"column":35}},"28":{"start":{"line":43,"column":4},"end":{"line":46,"column":6}},"29":{"start":{"line":44,"column":6},"end":{"line":44,"column":109}},"30":{"start":{"line":45,"column":6},"end":{"line":45,"column":61}},"31":{"start":{"line":48,"column":4},"end":{"line":50,"column":6}},"32":{"start":{"line":49,"column":6},"end":{"line":49,"column":56}},"33":{"start":{"line":52,"column":4},"end":{"line":61,"column":6}},"34":{"start":{"line":53,"column":6},"end":{"line":53,"column":23}},"35":{"start":{"line":54,"column":6},"end":{"line":54,"column":55}},"36":{"start":{"line":55,"column":6},"end":{"line":57,"column":7}},"37":{"start":{"line":56,"column":8},"end":{"line":56,"column":21}},"38":{"start":{"line":58,"column":6},"end":{"line":58,"column":58}},"39":{"start":{"line":59,"column":6},"end":{"line":59,"column":67}},"40":{"start":{"line":60,"column":6},"end":{"line":60,"column":44}},"41":{"start":{"line":63,"column":4},"end":{"line":69,"column":6}},"42":{"start":{"line":64,"column":6},"end":{"line":64,"column":16}},"43":{"start":{"line":65,"column":6},"end":{"line":65,"column":17}},"44":{"start":{"line":66,"column":6},"end":{"line":66,"column":54}},"45":{"start":{"line":67,"column":6},"end":{"line":67,"column":64}},"46":{"start":{"line":68,"column":6},"end":{"line":68,"column":19}},"47":{"start":{"line":71,"column":4},"end":{"line":83,"column":6}},"48":{"start":{"line":72,"column":6},"end":{"line":72,"column":56}},"49":{"start":{"line":73,"column":6},"end":{"line":73,"column":17}},"50":{"start":{"line":74,"column":6},"end":{"line":74,"column":60}},"51":{"start":{"line":75,"column":6},"end":{"line":81,"column":7}},"52":{"start":{"line":76,"column":8},"end":{"line":76,"column":28}},"53":{"start":{"line":77,"column":8},"end":{"line":77,"column":60}},"54":{"start":{"line":78,"column":8},"end":{"line":80,"column":9}},"55":{"start":{"line":79,"column":10},"end":{"line":79,"column":59}},"56":{"start":{"line":82,"column":6},"end":{"line":82,"column":19}},"57":{"start":{"line":85,"column":4},"end":{"line":87,"column":6}},"58":{"start":{"line":86,"column":6},"end":{"line":86,"column":23}},"59":{"start":{"line":89,"column":4},"end":{"line":89,"column":19}}},"branchMap":{"1":{"line":18,"type":"if","locations":[{"start":{"line":18,"column":6},"end":{"line":18,"column":6}},{"start":{"line":18,"column":6},"end":{"line":18,"column":6}}]},"2":{"line":23,"type":"if","locations":[{"start":{"line":23,"column":6},"end":{"line":23,"column":6}},{"start":{"line":23,"column":6},"end":{"line":23,"column":6}}]},"3":{"line":55,"type":"if","locations":[{"start":{"line":55,"column":6},"end":{"line":55,"column":6}},{"start":{"line":55,"column":6},"end":{"line":55,"column":6}}]},"4":{"line":78,"type":"if","locations":[{"start":{"line":78,"column":8},"end":{"line":78,"column":8}},{"start":{"line":78,"column":8},"end":{"line":78,"column":8}}]}}},"/Users/josh/code/roots-cms/lib/utils/git.js":{"path":"/Users/josh/code/roots-cms/lib/utils/git.js","s":{"1":1,"2":1,"3":1,"4":1,"5":1,"6":1,"7":0,"8":0,"9":1,"10":0,"11":0,"12":0,"13":0,"14":0,"15":1,"16":1},"b":{"1":[0,1]},"f":{"1":1,"2":1,"3":1,"4":0},"fnMap":{"1":{"name":"(anonymous_1)","line":2,"loc":{"start":{"line":2,"column":1},"end":{"line":2,"column":12}}},"2":{"name":"(anonymous_2)","line":7,"loc":{"start":{"line":7,"column":9},"end":{"line":7,"column":20}}},"3":{"name":"Git","line":8,"loc":{"start":{"line":8,"column":4},"end":{"line":8,"column":19}}},"4":{"name":"(anonymous_4)","line":15,"loc":{"start":{"line":15,"column":27},"end":{"line":15,"column":52}}}},"statementMap":{"1":{"start":{"line":2,"column":0},"end":{"line":30,"column":14}},"2":{"start":{"line":3,"column":2},"end":{"line":3,"column":17}},"3":{"start":{"line":5,"column":2},"end":{"line":5,"column":29}},"4":{"start":{"line":7,"column":2},"end":{"line":26,"column":7}},"5":{"start":{"line":8,"column":4},"end":{"line":13,"column":5}},"6":{"start":{"line":9,"column":6},"end":{"line":12,"column":7}},"7":{"start":{"line":10,"column":8},"end":{"line":10,"column":65}},"8":{"start":{"line":11,"column":8},"end":{"line":11,"column":22}},"9":{"start":{"line":15,"column":4},"end":{"line":22,"column":6}},"10":{"start":{"line":16,"column":6},"end":{"line":16,"column":25}},"11":{"start":{"line":17,"column":6},"end":{"line":20,"column":7}},"12":{"start":{"line":18,"column":8},"end":{"line":18,"column":25}},"13":{"start":{"line":19,"column":8},"end":{"line":19,"column":38}},"14":{"start":{"line":21,"column":6},"end":{"line":21,"column":61}},"15":{"start":{"line":24,"column":4},"end":{"line":24,"column":15}},"16":{"start":{"line":28,"column":2},"end":{"line":28,"column":27}}},"branchMap":{"1":{"line":9,"type":"if","locations":[{"start":{"line":9,"column":6},"end":{"line":9,"column":6}},{"start":{"line":9,"column":6},"end":{"line":9,"column":6}}]}}},"/Users/josh/code/roots-cms/lib/category/load.js":{"path":"/Users/josh/code/roots-cms/lib/category/load.js","s":{"1":1,"2":1,"3":1,"4":1,"5":1,"6":1,"7":1,"8":1,"9":0,"10":0,"11":0,"12":0,"13":0,"14":0,"15":0,"16":0,"17":0,"18":0,"19":0,"20":0,"21":0,"22":0,"23":0,"24":0,"25":0,"26":0,"27":0,"28":0,"29":0,"30":0,"31":0,"32":0,"33":0,"34":0,"35":0,"36":0,"37":0,"38":0,"39":0,"40":0,"41":0,"42":0,"43":0},"b":{"1":[0,0]},"f":{"1":1,"2":0,"3":0,"4":0,"5":0,"6":0,"7":0,"8":0,"9":0,"10":0,"11":0,"12":0,"13":0,"14":0,"15":0},"fnMap":{"1":{"name":"(anonymous_1)","line":2,"loc":{"start":{"line":2,"column":1},"end":{"line":2,"column":12}}},"2":{"name":"(anonymous_2)","line":16,"loc":{"start":{"line":16,"column":25},"end":{"line":16,"column":39}}},"3":{"name":"(anonymous_3)","line":19,"loc":{"start":{"line":19,"column":44},"end":{"line":19,"column":60}}},"4":{"name":"(anonymous_4)","line":20,"loc":{"start":{"line":20,"column":15},"end":{"line":20,"column":31}}},"5":{"name":"(anonymous_5)","line":22,"loc":{"start":{"line":22,"column":35},"end":{"line":22,"column":46}}},"6":{"name":"(anonymous_6)","line":35,"loc":{"start":{"line":35,"column":27},"end":{"line":35,"column":45}}},"7":{"name":"(anonymous_7)","line":43,"loc":{"start":{"line":43,"column":20},"end":{"line":43,"column":36}}},"8":{"name":"(anonymous_8)","line":44,"loc":{"start":{"line":44,"column":15},"end":{"line":44,"column":26}}},"9":{"name":"(anonymous_9)","line":45,"loc":{"start":{"line":45,"column":39},"end":{"line":45,"column":50}}},"10":{"name":"(anonymous_10)","line":49,"loc":{"start":{"line":49,"column":28},"end":{"line":49,"column":44}}},"11":{"name":"(anonymous_11)","line":50,"loc":{"start":{"line":50,"column":15},"end":{"line":50,"column":27}}},"12":{"name":"(anonymous_12)","line":56,"loc":{"start":{"line":56,"column":18},"end":{"line":56,"column":46}}},"13":{"name":"(anonymous_13)","line":64,"loc":{"start":{"line":64,"column":48},"end":{"line":64,"column":59}}},"14":{"name":"(anonymous_14)","line":66,"loc":{"start":{"line":66,"column":21},"end":{"line":66,"column":37}}},"15":{"name":"(anonymous_15)","line":67,"loc":{"start":{"line":67,"column":15},"end":{"line":67,"column":30}}}},"statementMap":{"1":{"start":{"line":2,"column":0},"end":{"line":79,"column":14}},"2":{"start":{"line":3,"column":2},"end":{"line":3,"column":37}},"3":{"start":{"line":5,"column":2},"end":{"line":5,"column":25}},"4":{"start":{"line":7,"column":2},"end":{"line":7,"column":21}},"5":{"start":{"line":9,"column":2},"end":{"line":9,"column":33}},"6":{"start":{"line":11,"column":2},"end":{"line":11,"column":34}},"7":{"start":{"line":13,"column":2},"end":{"line":13,"column":22}},"8":{"start":{"line":15,"column":2},"end":{"line":77,"column":4}},"9":{"start":{"line":17,"column":6},"end":{"line":17,"column":19}},"10":{"start":{"line":18,"column":6},"end":{"line":18,"column":27}},"11":{"start":{"line":19,"column":6},"end":{"line":32,"column":16}},"12":{"start":{"line":20,"column":8},"end":{"line":31,"column":10}},"13":{"start":{"line":21,"column":10},"end":{"line":21,"column":16}},"14":{"start":{"line":22,"column":10},"end":{"line":30,"column":16}},"15":{"start":{"line":23,"column":12},"end":{"line":23,"column":35}},"16":{"start":{"line":24,"column":12},"end":{"line":24,"column":26}},"17":{"start":{"line":25,"column":12},"end":{"line":28,"column":13}},"18":{"start":{"line":26,"column":14},"end":{"line":26,"column":28}},"19":{"start":{"line":27,"column":14},"end":{"line":27,"column":49}},"20":{"start":{"line":29,"column":12},"end":{"line":29,"column":28}},"21":{"start":{"line":33,"column":6},"end":{"line":33,"column":30}},"22":{"start":{"line":36,"column":6},"end":{"line":36,"column":43}},"23":{"start":{"line":37,"column":6},"end":{"line":37,"column":27}},"24":{"start":{"line":38,"column":6},"end":{"line":38,"column":23}},"25":{"start":{"line":39,"column":6},"end":{"line":39,"column":21}},"26":{"start":{"line":40,"column":6},"end":{"line":53,"column":16}},"27":{"start":{"line":44,"column":8},"end":{"line":48,"column":10}},"28":{"start":{"line":45,"column":10},"end":{"line":47,"column":13}},"29":{"start":{"line":46,"column":12},"end":{"line":46,"column":49}},"30":{"start":{"line":50,"column":8},"end":{"line":52,"column":10}},"31":{"start":{"line":51,"column":10},"end":{"line":51,"column":68}},"32":{"start":{"line":54,"column":6},"end":{"line":54,"column":30}},"33":{"start":{"line":57,"column":6},"end":{"line":57,"column":24}},"34":{"start":{"line":58,"column":6},"end":{"line":58,"column":27}},"35":{"start":{"line":59,"column":6},"end":{"line":59,"column":18}},"36":{"start":{"line":60,"column":6},"end":{"line":74,"column":16}},"37":{"start":{"line":65,"column":8},"end":{"line":65,"column":37}},"38":{"start":{"line":67,"column":8},"end":{"line":73,"column":10}},"39":{"start":{"line":68,"column":10},"end":{"line":71,"column":11}},"40":{"start":{"line":69,"column":12},"end":{"line":69,"column":23}},"41":{"start":{"line":70,"column":12},"end":{"line":70,"column":35}},"42":{"start":{"line":72,"column":10},"end":{"line":72,"column":39}},"43":{"start":{"line":75,"column":6},"end":{"line":75,"column":30}}},"branchMap":{"1":{"line":68,"type":"if","locations":[{"start":{"line":68,"column":10},"end":{"line":68,"column":10}},{"start":{"line":68,"column":10},"end":{"line":68,"column":10}}]}}},"/Users/josh/code/roots-cms/lib/uploader/index.js":{"path":"/Users/josh/code/roots-cms/lib/uploader/index.js","s":{"1":1,"2":1,"3":1,"4":1,"5":1,"6":0},"b":{},"f":{"1":1,"2":0},"fnMap":{"1":{"name":"(anonymous_1)","line":2,"loc":{"start":{"line":2,"column":1},"end":{"line":2,"column":12}}},"2":{"name":"(anonymous_2)","line":13,"loc":{"start":{"line":13,"column":10},"end":{"line":13,"column":21}}}},"statementMap":{"1":{"start":{"line":2,"column":0},"end":{"line":18,"column":14}},"2":{"start":{"line":3,"column":2},"end":{"line":3,"column":24}},"3":{"start":{"line":5,"column":2},"end":{"line":5,"column":32}},"4":{"start":{"line":7,"column":2},"end":{"line":10,"column":4}},"5":{"start":{"line":12,"column":2},"end":{"line":16,"column":4}},"6":{"start":{"line":14,"column":6},"end":{"line":14,"column":44}}},"branchMap":{}},"/Users/josh/code/roots-cms/lib/uploader/s3.js":{"path":"/Users/josh/code/roots-cms/lib/uploader/s3.js","s":{"1":1,"2":1,"3":1,"4":1,"5":1,"6":1,"7":1,"8":1,"9":0,"10":0,"11":0,"12":0,"13":0,"14":0,"15":0,"16":0,"17":0,"18":0,"19":1,"20":1},"b":{"1":[0,0]},"f":{"1":1,"2":1,"3":0,"4":0,"5":0},"fnMap":{"1":{"name":"(anonymous_1)","line":2,"loc":{"start":{"line":2,"column":1},"end":{"line":2,"column":12}}},"2":{"name":"(anonymous_2)","line":11,"loc":{"start":{"line":11,"column":16},"end":{"line":11,"column":27}}},"3":{"name":"S3Uploader","line":12,"loc":{"start":{"line":12,"column":4},"end":{"line":12,"column":26}}},"4":{"name":"(anonymous_4)","line":14,"loc":{"start":{"line":14,"column":34},"end":{"line":14,"column":48}}},"5":{"name":"(anonymous_5)","line":23,"loc":{"start":{"line":23,"column":25},"end":{"line":23,"column":39}}}},"statementMap":{"1":{"start":{"line":2,"column":0},"end":{"line":39,"column":14}},"2":{"start":{"line":3,"column":2},"end":{"line":3,"column":33}},"3":{"start":{"line":5,"column":2},"end":{"line":5,"column":32}},"4":{"start":{"line":7,"column":2},"end":{"line":7,"column":22}},"5":{"start":{"line":9,"column":2},"end":{"line":9,"column":32}},"6":{"start":{"line":11,"column":2},"end":{"line":35,"column":7}},"7":{"start":{"line":12,"column":4},"end":{"line":12,"column":28}},"8":{"start":{"line":14,"column":4},"end":{"line":31,"column":6}},"9":{"start":{"line":15,"column":6},"end":{"line":15,"column":35}},"10":{"start":{"line":16,"column":6},"end":{"line":16,"column":27}},"11":{"start":{"line":17,"column":6},"end":{"line":17,"column":59}},"12":{"start":{"line":18,"column":6},"end":{"line":22,"column":9}},"13":{"start":{"line":23,"column":6},"end":{"line":28,"column":9}},"14":{"start":{"line":24,"column":8},"end":{"line":27,"column":9}},"15":{"start":{"line":25,"column":10},"end":{"line":25,"column":63}},"16":{"start":{"line":26,"column":10},"end":{"line":26,"column":43}},"17":{"start":{"line":29,"column":6},"end":{"line":29,"column":19}},"18":{"start":{"line":30,"column":6},"end":{"line":30,"column":30}},"19":{"start":{"line":33,"column":4},"end":{"line":33,"column":22}},"20":{"start":{"line":37,"column":2},"end":{"line":37,"column":30}}},"branchMap":{"1":{"line":24,"type":"if","locations":[{"start":{"line":24,"column":8},"end":{"line":24,"column":8}},{"start":{"line":24,"column":8},"end":{"line":24,"column":8}}]}}},"/Users/josh/code/roots-cms/lib/utils/aws.js":{"path":"/Users/josh/code/roots-cms/lib/utils/aws.js","s":{"1":1,"2":1,"3":1,"4":1,"5":1,"6":0},"b":{"1":[0,1]},"f":{"1":1},"fnMap":{"1":{"name":"(anonymous_1)","line":2,"loc":{"start":{"line":2,"column":1},"end":{"line":2,"column":12}}}},"statementMap":{"1":{"start":{"line":2,"column":0},"end":{"line":17,"column":14}},"2":{"start":{"line":3,"column":2},"end":{"line":3,"column":19}},"3":{"start":{"line":5,"column":2},"end":{"line":5,"column":25}},"4":{"start":{"line":7,"column":2},"end":{"line":7,"column":32}},"5":{"start":{"line":9,"column":2},"end":{"line":15,"column":3}},"6":{"start":{"line":10,"column":4},"end":{"line":14,"column":7}}},"branchMap":{"1":{"line":9,"type":"if","locations":[{"start":{"line":9,"column":2},"end":{"line":9,"column":2}},{"start":{"line":9,"column":2},"end":{"line":9,"column":2}}]}}},"/Users/josh/code/roots-cms/lib/uploader/fs.js":{"path":"/Users/josh/code/roots-cms/lib/uploader/fs.js","s":{"1":1,"2":1,"3":1,"4":1,"5":1,"6":1,"7":1,"8":1,"9":1,"10":1,"11":0,"12":0,"13":1,"14":0,"15":0,"16":1,"17":0,"18":1,"19":0,"20":1,"21":0,"22":1,"23":1},"b":{},"f":{"1":1,"2":1,"3":0,"4":0,"5":0,"6":0,"7":0},"fnMap":{"1":{"name":"(anonymous_1)","line":2,"loc":{"start":{"line":2,"column":1},"end":{"line":2,"column":12}}},"2":{"name":"(anonymous_2)","line":17,"loc":{"start":{"line":17,"column":16},"end":{"line":17,"column":27}}},"3":{"name":"FSUploader","line":18,"loc":{"start":{"line":18,"column":4},"end":{"line":18,"column":26}}},"4":{"name":"(anonymous_4)","line":23,"loc":{"start":{"line":23,"column":34},"end":{"line":23,"column":48}}},"5":{"name":"(anonymous_5)","line":28,"loc":{"start":{"line":28,"column":46},"end":{"line":28,"column":57}}},"6":{"name":"(anonymous_6)","line":32,"loc":{"start":{"line":32,"column":39},"end":{"line":32,"column":50}}},"7":{"name":"(anonymous_7)","line":36,"loc":{"start":{"line":36,"column":39},"end":{"line":36,"column":50}}}},"statementMap":{"1":{"start":{"line":2,"column":0},"end":{"line":46,"column":14}},"2":{"start":{"line":3,"column":2},"end":{"line":3,"column":54}},"3":{"start":{"line":5,"column":2},"end":{"line":5,"column":25}},"4":{"start":{"line":7,"column":2},"end":{"line":7,"column":21}},"5":{"start":{"line":9,"column":2},"end":{"line":9,"column":32}},"6":{"start":{"line":11,"column":2},"end":{"line":11,"column":22}},"7":{"start":{"line":13,"column":2},"end":{"line":13,"column":41}},"8":{"start":{"line":15,"column":2},"end":{"line":15,"column":29}},"9":{"start":{"line":17,"column":2},"end":{"line":42,"column":7}},"10":{"start":{"line":18,"column":4},"end":{"line":21,"column":5}},"11":{"start":{"line":19,"column":6},"end":{"line":19,"column":94}},"12":{"start":{"line":20,"column":6},"end":{"line":20,"column":64}},"13":{"start":{"line":23,"column":4},"end":{"line":26,"column":6}},"14":{"start":{"line":24,"column":6},"end":{"line":24,"column":21}},"15":{"start":{"line":25,"column":6},"end":{"line":25,"column":107}},"16":{"start":{"line":28,"column":4},"end":{"line":30,"column":6}},"17":{"start":{"line":29,"column":6},"end":{"line":29,"column":50}},"18":{"start":{"line":32,"column":4},"end":{"line":34,"column":6}},"19":{"start":{"line":33,"column":6},"end":{"line":33,"column":93}},"20":{"start":{"line":36,"column":4},"end":{"line":38,"column":6}},"21":{"start":{"line":37,"column":6},"end":{"line":37,"column":81}},"22":{"start":{"line":40,"column":4},"end":{"line":40,"column":22}},"23":{"start":{"line":44,"column":2},"end":{"line":44,"column":30}}},"branchMap":{}}}